Using pre-set license
Built from '2021.2/staging' branch; Version is '2021.2.7f1 (6bd9e232123f) revision 7068130'; Using compiler version '192829333'; Build Type 'Release'
OS: 'Windows 10  (10.0.19043) 64bit Core' Language: 'en' Physical Memory: 16233 MB
BatchMode: 1, IsHumanControllingUs: 0, StartBugReporterOnCrash: 0, Is64bit: 1, IsPro: 0

COMMAND LINE ARGUMENTS:
D:\Unity\2021.2.7f1\Editor\Unity.exe
-adb2
-batchMode
-noUpm
-name
AssetImportWorker2
-projectPath
E:/Projects/1-UnityProjects/Gather-MP-v1
-logFile
Logs/AssetImportWorker2.log
-srvPort
53246
Successfully changed project path to: E:/Projects/1-UnityProjects/Gather-MP-v1
E:/Projects/1-UnityProjects/Gather-MP-v1
[UnityMemory] Configuration Parameters - Can be set up in boot.config
    "memorysetup-bucket-allocator-granularity=16"
    "memorysetup-bucket-allocator-bucket-count=8"
    "memorysetup-bucket-allocator-block-size=33554432"
    "memorysetup-bucket-allocator-block-count=8"
    "memorysetup-main-allocator-block-size=16777216"
    "memorysetup-thread-allocator-block-size=16777216"
    "memorysetup-gfx-main-allocator-block-size=16777216"
    "memorysetup-gfx-thread-allocator-block-size=16777216"
    "memorysetup-cache-allocator-block-size=4194304"
    "memorysetup-typetree-allocator-block-size=2097152"
    "memorysetup-profiler-bucket-allocator-granularity=16"
    "memorysetup-profiler-bucket-allocator-bucket-count=8"
    "memorysetup-profiler-bucket-allocator-block-size=33554432"
    "memorysetup-profiler-bucket-allocator-block-count=8"
    "memorysetup-profiler-allocator-block-size=16777216"
    "memorysetup-profiler-editor-allocator-block-size=1048576"
    "memorysetup-temp-allocator-size-main=16777216"
    "memorysetup-job-temp-allocator-block-size=2097152"
    "memorysetup-job-temp-allocator-block-size-background=1048576"
    "memorysetup-job-temp-allocator-reduction-small-platforms=262144"
    "memorysetup-temp-allocator-size-background-worker=32768"
    "memorysetup-temp-allocator-size-job-worker=262144"
    "memorysetup-temp-allocator-size-preload-manager=33554432"
    "memorysetup-temp-allocator-size-nav-mesh-worker=65536"
    "memorysetup-temp-allocator-size-audio-worker=65536"
    "memorysetup-temp-allocator-size-cloud-worker=32768"
    "memorysetup-temp-allocator-size-gi-baking-worker=262144"
    "memorysetup-temp-allocator-size-gfx=262144"
Refreshing native plugins compatible for Editor in 116.41 ms, found 3 plugins.
Preloading 0 native plugins for Editor in 0.00 ms.
Initialize engine version: 2021.2.7f1 (6bd9e232123f)
[Subsystems] Discovering subsystems at path D:/Unity/2021.2.7f1/Editor/Data/Resources/UnitySubsystems
[Subsystems] Discovering subsystems at path E:/Projects/1-UnityProjects/Gather-MP-v1/Assets
GfxDevice: creating device client; threaded=0; jobified=0
Direct3D:
    Version:  Direct3D 11.0 [level 11.1]
    Renderer: NVIDIA GeForce RTX 2070 (ID=0x1f10)
    Vendor:   NVIDIA
    VRAM:     8031 MB
    Driver:   30.0.14.9649
Initialize mono
Mono path[0] = 'D:/Unity/2021.2.7f1/Editor/Data/Managed'
Mono path[1] = 'D:/Unity/2021.2.7f1/Editor/Data/MonoBleedingEdge/lib/mono/unityjit-win32'
Mono config path = 'D:/Unity/2021.2.7f1/Editor/Data/MonoBleedingEdge/etc'
Using monoOptions --debugger-agent=transport=dt_socket,embedding=1,server=y,suspend=n,address=127.0.0.1:56832
Begin MonoManager ReloadAssembly
Registering precompiled unity dll's ...
Register platform support module: D:/Unity/2021.2.7f1/Editor/Data/PlaybackEngines/WebGLSupport/UnityEditor.WebGL.Extensions.dll
Register platform support module: D:/Unity/2021.2.7f1/Editor/Data/PlaybackEngines/WindowsStandaloneSupport/UnityEditor.WindowsStandalone.Extensions.dll
Registered in 0.005204 seconds.
Native extension for WindowsStandalone target not found
Native extension for WebGL target not found
Refreshing native plugins compatible for Editor in 115.39 ms, found 3 plugins.
Preloading 0 native plugins for Editor in 0.00 ms.
Mono: successfully reloaded assembly
- Completed reload, in  0.851 seconds
Domain Reload Profiling:
	ReloadAssembly (852ms)
		BeginReloadAssembly (109ms)
			ExecutionOrderSort (0ms)
			DisableScriptedObjects (0ms)
			BackupInstance (0ms)
			ReleaseScriptingObjects (0ms)
			CreateAndSetChildDomain (1ms)
		EndReloadAssembly (654ms)
			LoadAssemblies (110ms)
			RebuildTransferFunctionScriptingTraits (0ms)
			SetupTypeCache (151ms)
			ReleaseScriptCaches (0ms)
			RebuildScriptCaches (38ms)
			SetupLoadedEditorAssemblies (404ms)
				LogAssemblyErrors (0ms)
				InitializePlatformSupportModulesInManaged (18ms)
				SetLoadedEditorAssemblies (0ms)
				RefreshPlugins (115ms)
				BeforeProcessingInitializeOnLoad (2ms)
				ProcessInitializeOnLoadAttributes (181ms)
				ProcessInitializeOnLoadMethodAttributes (88ms)
				AfterProcessingInitializeOnLoad (0ms)
				EditorAssembliesLoaded (0ms)
			ExecutionOrderSort2 (0ms)
			AwakeInstancesAfterBackupRestoration (0ms)
Platform modules already initialized, skipping
Registering precompiled user dll's ...
Registered in 0.008653 seconds.
Begin MonoManager ReloadAssembly
Symbol file LoadedFromMemory doesn't match image E:\Projects\1-UnityProjects\Gather-MP-v1\Library\PackageCache\com.unity.visualscripting@1.7.6\Editor\VisualScripting.Core\Dependencies\YamlDotNet\Unity.VisualScripting.YamlDotNet.dll
Symbol file LoadedFromMemory doesn't match image E:\Projects\1-UnityProjects\Gather-MP-v1\Library\PackageCache\com.unity.visualscripting@1.7.6\Editor\VisualScripting.Core\Dependencies\DotNetZip\Unity.VisualScripting.IonicZip.dll
Native extension for WindowsStandalone target not found
Native extension for WebGL target not found
Refreshing native plugins compatible for Editor in 1.07 ms, found 3 plugins.
Preloading 0 native plugins for Editor in 0.00 ms.
Mono: successfully reloaded assembly
- Completed reload, in  2.584 seconds
Domain Reload Profiling:
	ReloadAssembly (2585ms)
		BeginReloadAssembly (176ms)
			ExecutionOrderSort (0ms)
			DisableScriptedObjects (8ms)
			BackupInstance (0ms)
			ReleaseScriptingObjects (0ms)
			CreateAndSetChildDomain (29ms)
		EndReloadAssembly (2302ms)
			LoadAssemblies (143ms)
			RebuildTransferFunctionScriptingTraits (0ms)
			SetupTypeCache (565ms)
			ReleaseScriptCaches (1ms)
			RebuildScriptCaches (77ms)
			SetupLoadedEditorAssemblies (1512ms)
				LogAssemblyErrors (0ms)
				InitializePlatformSupportModulesInManaged (15ms)
				SetLoadedEditorAssemblies (1ms)
				RefreshPlugins (1ms)
				BeforeProcessingInitializeOnLoad (110ms)
				ProcessInitializeOnLoadAttributes (1339ms)
				ProcessInitializeOnLoadMethodAttributes (40ms)
				AfterProcessingInitializeOnLoad (6ms)
				EditorAssembliesLoaded (0ms)
			ExecutionOrderSort2 (0ms)
			AwakeInstancesAfterBackupRestoration (11ms)
Platform modules already initialized, skipping
========================================================================
Worker process is ready to serve import requests
Launched and connected shader compiler UnityShaderCompiler.exe after 0.16 seconds
Refreshing native plugins compatible for Editor in 0.59 ms, found 3 plugins.
Preloading 0 native plugins for Editor in 0.00 ms.
Unloading 3992 Unused Serialized files (Serialized files now loaded: 0)
Unloading 36 unused Assets / (112.1 KB). Loaded Objects now: 4438.
Memory consumption went from 150.7 MB to 150.6 MB.
Total: 6.605800 ms (FindLiveObjects: 0.555100 ms CreateObjectMapping: 0.269000 ms MarkObjects: 5.591100 ms  DeleteObjects: 0.188500 ms)

AssetImportParameters requested are different than current active one (requested -> active):
  custom:video-decoder-ogg-theora: a1e56fd34408186e4bbccfd4996cb3dc -> 
  custom:container-muxer-webm: aa71ff27fc2769a1b78a27578f13a17b -> 
  custom:container-demuxer-webm: 4f35f7cbe854078d1ac9338744f61a02 -> 
  custom:video-encoder-webm-vp8: eb34c28f22e8b96e1ab97ce403110664 -> 
  custom:video-codec-MediaFoundation-h265: 746d11721c4dcdbdad8f713fa42b33f4 -> 
  custom:audio-encoder-webm-vorbis: bf7c407c2cedff20999df2af8eb42d56 -> 
  custom:framework-win-MediaFoundation: 216162199b28c13a410421893ffa2e32 -> 
  custom:container-demuxer-ogg: 62fdf1f143b41e24485cea50d1cbac27 -> 
  custom:video-decoder-webm-vp8: 9c59270c3fd7afecdb556c50c9e8de78 -> 
  custom:audio-decoder-ogg-vorbis: bf7c407c2cedff20999df2af8eb42d56 -> 
========================================================================
Received Import Request.
  Time since last request: 1136773.240252 seconds.
  path: Assets/USER/Scripts/PlayerScript.cs
  artifactKey: Guid(fd0ad28618e0e7e4b9887273b3bb0352) Importer(815301076,1909f56bfc062723c751e8b465ee728b)
Start importing Assets/USER/Scripts/PlayerScript.cs using Guid(fd0ad28618e0e7e4b9887273b3bb0352) Importer(815301076,1909f56bfc062723c751e8b465ee728b)  -> (artifact id: '5ce3606076e96769660c893397af54dc') in 0.055105 seconds 
========================================================================
Received Import Request.
  Time since last request: 249.599508 seconds.
  path: Assets/USER/Scripts/PlayerScript.cs
  artifactKey: Guid(fd0ad28618e0e7e4b9887273b3bb0352) Importer(815301076,1909f56bfc062723c751e8b465ee728b)
Start importing Assets/USER/Scripts/PlayerScript.cs using Guid(fd0ad28618e0e7e4b9887273b3bb0352) Importer(815301076,1909f56bfc062723c751e8b465ee728b)  -> (artifact id: 'b7db03bad2e9a07930f4975dbf63041d') in 0.010603 seconds 
========================================================================
Received Import Request.
  Time since last request: 5.548308 seconds.
  path: Assets/USER/Scripts/PlayerScript.cs
  artifactKey: Guid(fd0ad28618e0e7e4b9887273b3bb0352) Importer(815301076,1909f56bfc062723c751e8b465ee728b)
Start importing Assets/USER/Scripts/PlayerScript.cs using Guid(fd0ad28618e0e7e4b9887273b3bb0352) Importer(815301076,1909f56bfc062723c751e8b465ee728b)  -> (artifact id: '64de6c34645681c821fdec35033e5b94') in 0.004930 seconds 
========================================================================
Received Import Request.
  Time since last request: 3.996323 seconds.
  path: Assets/USER/Scripts/PlayerScript.cs
  artifactKey: Guid(fd0ad28618e0e7e4b9887273b3bb0352) Importer(815301076,1909f56bfc062723c751e8b465ee728b)
Start importing Assets/USER/Scripts/PlayerScript.cs using Guid(fd0ad28618e0e7e4b9887273b3bb0352) Importer(815301076,1909f56bfc062723c751e8b465ee728b)  -> (artifact id: '282762f8e856d7ec5cfcb3e3b4d5eba9') in 0.006332 seconds 
========================================================================
Received Import Request.
  Time since last request: 20.578427 seconds.
  path: Assets/USER/Scripts/PlayerScript.cs
  artifactKey: Guid(fd0ad28618e0e7e4b9887273b3bb0352) Importer(815301076,1909f56bfc062723c751e8b465ee728b)
Start importing Assets/USER/Scripts/PlayerScript.cs using Guid(fd0ad28618e0e7e4b9887273b3bb0352) Importer(815301076,1909f56bfc062723c751e8b465ee728b)  -> (artifact id: '5c8311273a87f477abe8ff1f572d00a8') in 0.007805 seconds 
========================================================================
Received Import Request.
  Time since last request: 9.080289 seconds.
  path: Assets/USER/Scripts/PlayerScript.cs
  artifactKey: Guid(fd0ad28618e0e7e4b9887273b3bb0352) Importer(815301076,1909f56bfc062723c751e8b465ee728b)
Start importing Assets/USER/Scripts/PlayerScript.cs using Guid(fd0ad28618e0e7e4b9887273b3bb0352) Importer(815301076,1909f56bfc062723c751e8b465ee728b)  -> (artifact id: '37b10f274394f31666b6a989b58e008d') in 0.004832 seconds 
========================================================================
Received Import Request.
  Time since last request: 5.709812 seconds.
  path: Assets/USER/Scripts/PlayerScript.cs
  artifactKey: Guid(fd0ad28618e0e7e4b9887273b3bb0352) Importer(815301076,1909f56bfc062723c751e8b465ee728b)
Start importing Assets/USER/Scripts/PlayerScript.cs using Guid(fd0ad28618e0e7e4b9887273b3bb0352) Importer(815301076,1909f56bfc062723c751e8b465ee728b)  -> (artifact id: 'a2e6f5e34bf914557c0057d528677505') in 0.002211 seconds 
========================================================================
Received Import Request.
  Time since last request: 10.929116 seconds.
  path: Assets/USER/Scripts/PlayerScript.cs
  artifactKey: Guid(fd0ad28618e0e7e4b9887273b3bb0352) Importer(815301076,1909f56bfc062723c751e8b465ee728b)
Start importing Assets/USER/Scripts/PlayerScript.cs using Guid(fd0ad28618e0e7e4b9887273b3bb0352) Importer(815301076,1909f56bfc062723c751e8b465ee728b)  -> (artifact id: '01ae955714aba1c4cb72c8a8e58ea63a') in 0.002705 seconds 
========================================================================
Received Import Request.
  Time since last request: 3.883744 seconds.
  path: Assets/USER/Scripts/PlayerScript.cs
  artifactKey: Guid(fd0ad28618e0e7e4b9887273b3bb0352) Importer(815301076,1909f56bfc062723c751e8b465ee728b)
Start importing Assets/USER/Scripts/PlayerScript.cs using Guid(fd0ad28618e0e7e4b9887273b3bb0352) Importer(815301076,1909f56bfc062723c751e8b465ee728b)  -> (artifact id: '57a01d8ba95061c5a69f59b177ad7b17') in 0.006761 seconds 
========================================================================
Received Import Request.
  Time since last request: 13.283783 seconds.
  path: Assets/USER/Scripts/PlayerScript.cs
  artifactKey: Guid(fd0ad28618e0e7e4b9887273b3bb0352) Importer(815301076,1909f56bfc062723c751e8b465ee728b)
Start importing Assets/USER/Scripts/PlayerScript.cs using Guid(fd0ad28618e0e7e4b9887273b3bb0352) Importer(815301076,1909f56bfc062723c751e8b465ee728b)  -> (artifact id: 'b984942ee86ddb51ae5e251cda0e6f53') in 0.004632 seconds 
========================================================================
Received Import Request.
  Time since last request: 78.590837 seconds.
  path: Assets/USER/Scripts/PlayerScript.cs
  artifactKey: Guid(fd0ad28618e0e7e4b9887273b3bb0352) Importer(815301076,1909f56bfc062723c751e8b465ee728b)
Start importing Assets/USER/Scripts/PlayerScript.cs using Guid(fd0ad28618e0e7e4b9887273b3bb0352) Importer(815301076,1909f56bfc062723c751e8b465ee728b)  -> (artifact id: '42cd16bd8f22e14812d24a7207d4ca8b') in 0.002546 seconds 
========================================================================
Received Import Request.
  Time since last request: 4.907472 seconds.
  path: Assets/USER/Scripts/PlayerScript.cs
  artifactKey: Guid(fd0ad28618e0e7e4b9887273b3bb0352) Importer(815301076,1909f56bfc062723c751e8b465ee728b)
Start importing Assets/USER/Scripts/PlayerScript.cs using Guid(fd0ad28618e0e7e4b9887273b3bb0352) Importer(815301076,1909f56bfc062723c751e8b465ee728b)  -> (artifact id: '6b3fbd4ab7af55e30e7480694fe92754') in 0.005642 seconds 
========================================================================
Received Import Request.
  Time since last request: 90.554632 seconds.
  path: Assets/USER/Scripts/PlayerScript.cs
  artifactKey: Guid(fd0ad28618e0e7e4b9887273b3bb0352) Importer(815301076,1909f56bfc062723c751e8b465ee728b)
Start importing Assets/USER/Scripts/PlayerScript.cs using Guid(fd0ad28618e0e7e4b9887273b3bb0352) Importer(815301076,1909f56bfc062723c751e8b465ee728b)  -> (artifact id: 'b6da5994889a47b07e6cccaf79cbc692') in 0.005480 seconds 
========================================================================
Received Import Request.
  Time since last request: 37.120114 seconds.
  path: Assets/USER/Scripts/PlayerScript.cs
  artifactKey: Guid(fd0ad28618e0e7e4b9887273b3bb0352) Importer(815301076,1909f56bfc062723c751e8b465ee728b)
Start importing Assets/USER/Scripts/PlayerScript.cs using Guid(fd0ad28618e0e7e4b9887273b3bb0352) Importer(815301076,1909f56bfc062723c751e8b465ee728b)  -> (artifact id: 'bb124678e406ec61fa2785800ec32d5c') in 0.006104 seconds 
========================================================================
Received Import Request.
  Time since last request: 14.718782 seconds.
  path: Assets/USER/Scripts/PlayerScript.cs
  artifactKey: Guid(fd0ad28618e0e7e4b9887273b3bb0352) Importer(815301076,1909f56bfc062723c751e8b465ee728b)
Start importing Assets/USER/Scripts/PlayerScript.cs using Guid(fd0ad28618e0e7e4b9887273b3bb0352) Importer(815301076,1909f56bfc062723c751e8b465ee728b)  -> (artifact id: '56a4075ad07c281a75538ca928487cf1') in 0.002554 seconds 
========================================================================
Received Import Request.
  Time since last request: 7.885438 seconds.
  path: Assets/USER/Scripts/PlayerScript.cs
  artifactKey: Guid(fd0ad28618e0e7e4b9887273b3bb0352) Importer(815301076,1909f56bfc062723c751e8b465ee728b)
Start importing Assets/USER/Scripts/PlayerScript.cs using Guid(fd0ad28618e0e7e4b9887273b3bb0352) Importer(815301076,1909f56bfc062723c751e8b465ee728b)  -> (artifact id: 'd23f1a5c83a2bb8f752f12ff2155bfed') in 0.004192 seconds 
========================================================================
Received Import Request.
  Time since last request: 7.876840 seconds.
  path: Assets/USER/Scripts/PlayerScript.cs
  artifactKey: Guid(fd0ad28618e0e7e4b9887273b3bb0352) Importer(815301076,1909f56bfc062723c751e8b465ee728b)
Start importing Assets/USER/Scripts/PlayerScript.cs using Guid(fd0ad28618e0e7e4b9887273b3bb0352) Importer(815301076,1909f56bfc062723c751e8b465ee728b)  -> (artifact id: '8e199e0d9ed9cb7f8350bf2b02f3beb9') in 0.005353 seconds 
========================================================================
Received Prepare
Registering precompiled user dll's ...
Registered in 0.008549 seconds.
Begin MonoManager ReloadAssembly
Symbol file LoadedFromMemory doesn't match image E:\Projects\1-UnityProjects\Gather-MP-v1\Library\PackageCache\com.unity.visualscripting@1.7.6\Editor\VisualScripting.Core\Dependencies\YamlDotNet\Unity.VisualScripting.YamlDotNet.dll
Symbol file LoadedFromMemory doesn't match image E:\Projects\1-UnityProjects\Gather-MP-v1\Library\PackageCache\com.unity.visualscripting@1.7.6\Editor\VisualScripting.Core\Dependencies\DotNetZip\Unity.VisualScripting.IonicZip.dll
Native extension for WindowsStandalone target not found
Native extension for WebGL target not found
Refreshing native plugins compatible for Editor in 1.09 ms, found 3 plugins.
Preloading 0 native plugins for Editor in 0.00 ms.
Mono: successfully reloaded assembly
- Completed reload, in  1.484 seconds
Domain Reload Profiling:
	ReloadAssembly (1484ms)
		BeginReloadAssembly (201ms)
			ExecutionOrderSort (0ms)
			DisableScriptedObjects (8ms)
			BackupInstance (0ms)
			ReleaseScriptingObjects (0ms)
			CreateAndSetChildDomain (52ms)
		EndReloadAssembly (1174ms)
			LoadAssemblies (147ms)
			RebuildTransferFunctionScriptingTraits (0ms)
			SetupTypeCache (425ms)
			ReleaseScriptCaches (3ms)
			RebuildScriptCaches (50ms)
			SetupLoadedEditorAssemblies (542ms)
				LogAssemblyErrors (0ms)
				InitializePlatformSupportModulesInManaged (17ms)
				SetLoadedEditorAssemblies (1ms)
				RefreshPlugins (1ms)
				BeforeProcessingInitializeOnLoad (93ms)
				ProcessInitializeOnLoadAttributes (394ms)
				ProcessInitializeOnLoadMethodAttributes (29ms)
				AfterProcessingInitializeOnLoad (6ms)
				EditorAssembliesLoaded (0ms)
			ExecutionOrderSort2 (0ms)
			AwakeInstancesAfterBackupRestoration (11ms)
Platform modules already initialized, skipping
Refreshing native plugins compatible for Editor in 1.11 ms, found 3 plugins.
Preloading 0 native plugins for Editor in 0.00 ms.
Unloading 3987 Unused Serialized files (Serialized files now loaded: 0)
Unloading 31 unused Assets / (80.0 KB). Loaded Objects now: 4440.
Memory consumption went from 150.7 MB to 150.6 MB.
Total: 7.468300 ms (FindLiveObjects: 0.486300 ms CreateObjectMapping: 0.318700 ms MarkObjects: 6.539700 ms  DeleteObjects: 0.121800 ms)

AssetImportParameters requested are different than current active one (requested -> active):
  custom:video-decoder-ogg-theora: a1e56fd34408186e4bbccfd4996cb3dc -> 
  custom:container-muxer-webm: aa71ff27fc2769a1b78a27578f13a17b -> 
  custom:container-demuxer-webm: 4f35f7cbe854078d1ac9338744f61a02 -> 
  custom:video-encoder-webm-vp8: eb34c28f22e8b96e1ab97ce403110664 -> 
  custom:video-codec-MediaFoundation-h265: 746d11721c4dcdbdad8f713fa42b33f4 -> 
  custom:audio-encoder-webm-vorbis: bf7c407c2cedff20999df2af8eb42d56 -> 
  custom:framework-win-MediaFoundation: 216162199b28c13a410421893ffa2e32 -> 
  custom:container-demuxer-ogg: 62fdf1f143b41e24485cea50d1cbac27 -> 
  custom:video-decoder-webm-vp8: 9c59270c3fd7afecdb556c50c9e8de78 -> 
  custom:audio-decoder-ogg-vorbis: bf7c407c2cedff20999df2af8eb42d56 -> 
========================================================================
Received Import Request.
  Time since last request: 25.113716 seconds.
  path: Assets/USER/Prefabs/Player.prefab
  artifactKey: Guid(855e53dc941e16642a86ea73346e39fd) Importer(815301076,1909f56bfc062723c751e8b465ee728b)
Start importing Assets/USER/Prefabs/Player.prefab using Guid(855e53dc941e16642a86ea73346e39fd) Importer(815301076,1909f56bfc062723c751e8b465ee728b)  -> (artifact id: 'b4ac0ce740293eec6cb9db2f18943f07') in 0.139777 seconds 
========================================================================
Received Prepare
Registering precompiled user dll's ...
Registered in 0.012160 seconds.
Begin MonoManager ReloadAssembly
Symbol file LoadedFromMemory doesn't match image E:\Projects\1-UnityProjects\Gather-MP-v1\Library\PackageCache\com.unity.visualscripting@1.7.6\Editor\VisualScripting.Core\Dependencies\YamlDotNet\Unity.VisualScripting.YamlDotNet.dll
Symbol file LoadedFromMemory doesn't match image E:\Projects\1-UnityProjects\Gather-MP-v1\Library\PackageCache\com.unity.visualscripting@1.7.6\Editor\VisualScripting.Core\Dependencies\DotNetZip\Unity.VisualScripting.IonicZip.dll
Native extension for WindowsStandalone target not found
Native extension for WebGL target not found
Refreshing native plugins compatible for Editor in 0.86 ms, found 3 plugins.
Preloading 0 native plugins for Editor in 0.00 ms.
Mono: successfully reloaded assembly
- Completed reload, in  1.564 seconds
Domain Reload Profiling:
	ReloadAssembly (1565ms)
		BeginReloadAssembly (224ms)
			ExecutionOrderSort (0ms)
			DisableScriptedObjects (7ms)
			BackupInstance (0ms)
			ReleaseScriptingObjects (0ms)
			CreateAndSetChildDomain (62ms)
		EndReloadAssembly (1222ms)
			LoadAssemblies (148ms)
			RebuildTransferFunctionScriptingTraits (1ms)
			SetupTypeCache (412ms)
			ReleaseScriptCaches (1ms)
			RebuildScriptCaches (55ms)
			SetupLoadedEditorAssemblies (585ms)
				LogAssemblyErrors (0ms)
				InitializePlatformSupportModulesInManaged (15ms)
				SetLoadedEditorAssemblies (1ms)
				RefreshPlugins (1ms)
				BeforeProcessingInitializeOnLoad (97ms)
				ProcessInitializeOnLoadAttributes (434ms)
				ProcessInitializeOnLoadMethodAttributes (32ms)
				AfterProcessingInitializeOnLoad (4ms)
				EditorAssembliesLoaded (0ms)
			ExecutionOrderSort2 (0ms)
			AwakeInstancesAfterBackupRestoration (12ms)
Platform modules already initialized, skipping
Refreshing native plugins compatible for Editor in 1.06 ms, found 3 plugins.
Preloading 0 native plugins for Editor in 0.00 ms.
Unloading 3987 Unused Serialized files (Serialized files now loaded: 0)
Unloading 31 unused Assets / (78.9 KB). Loaded Objects now: 4450.
Memory consumption went from 155.1 MB to 155.0 MB.
Total: 4.066100 ms (FindLiveObjects: 0.293400 ms CreateObjectMapping: 0.202200 ms MarkObjects: 3.497100 ms  DeleteObjects: 0.072500 ms)

AssetImportParameters requested are different than current active one (requested -> active):
  custom:video-decoder-ogg-theora: a1e56fd34408186e4bbccfd4996cb3dc -> 
  custom:container-muxer-webm: aa71ff27fc2769a1b78a27578f13a17b -> 
  custom:container-demuxer-webm: 4f35f7cbe854078d1ac9338744f61a02 -> 
  custom:video-encoder-webm-vp8: eb34c28f22e8b96e1ab97ce403110664 -> 
  custom:video-codec-MediaFoundation-h265: 746d11721c4dcdbdad8f713fa42b33f4 -> 
  custom:audio-encoder-webm-vorbis: bf7c407c2cedff20999df2af8eb42d56 -> 
  custom:framework-win-MediaFoundation: 216162199b28c13a410421893ffa2e32 -> 
  custom:container-demuxer-ogg: 62fdf1f143b41e24485cea50d1cbac27 -> 
  custom:video-decoder-webm-vp8: 9c59270c3fd7afecdb556c50c9e8de78 -> 
  custom:audio-decoder-ogg-vorbis: bf7c407c2cedff20999df2af8eb42d56 -> 
========================================================================
Received Prepare
Refreshing native plugins compatible for Editor in 7.39 ms, found 3 plugins.
Preloading 0 native plugins for Editor in 0.00 ms.
Unloading 29 Unused Serialized files (Serialized files now loaded: 0)
Unloading 29 unused Assets / (76.4 KB). Loaded Objects now: 4450.
Memory consumption went from 75.9 MB to 75.9 MB.
Total: 3.683500 ms (FindLiveObjects: 0.534800 ms CreateObjectMapping: 0.420400 ms MarkObjects: 2.653500 ms  DeleteObjects: 0.074200 ms)

AssetImportParameters requested are different than current active one (requested -> active):
  custom:video-decoder-ogg-theora: a1e56fd34408186e4bbccfd4996cb3dc -> 
  custom:container-muxer-webm: aa71ff27fc2769a1b78a27578f13a17b -> 
  custom:container-demuxer-webm: 4f35f7cbe854078d1ac9338744f61a02 -> 
  custom:video-encoder-webm-vp8: eb34c28f22e8b96e1ab97ce403110664 -> 
  custom:video-codec-MediaFoundation-h265: 746d11721c4dcdbdad8f713fa42b33f4 -> 
  custom:audio-encoder-webm-vorbis: bf7c407c2cedff20999df2af8eb42d56 -> 
  custom:framework-win-MediaFoundation: 216162199b28c13a410421893ffa2e32 -> 
  custom:container-demuxer-ogg: 62fdf1f143b41e24485cea50d1cbac27 -> 
  custom:video-decoder-webm-vp8: 9c59270c3fd7afecdb556c50c9e8de78 -> 
  custom:audio-decoder-ogg-vorbis: bf7c407c2cedff20999df2af8eb42d56 -> 
========================================================================
Received Prepare
Refreshing native plugins compatible for Editor in 9.82 ms, found 3 plugins.
Preloading 0 native plugins for Editor in 0.00 ms.
Unloading 29 Unused Serialized files (Serialized files now loaded: 0)
Unloading 29 unused Assets / (76.4 KB). Loaded Objects now: 4450.
Memory consumption went from 75.9 MB to 75.9 MB.
Total: 7.990400 ms (FindLiveObjects: 0.506900 ms CreateObjectMapping: 0.406400 ms MarkObjects: 6.976300 ms  DeleteObjects: 0.099600 ms)

AssetImportParameters requested are different than current active one (requested -> active):
  custom:video-decoder-ogg-theora: a1e56fd34408186e4bbccfd4996cb3dc -> 
  custom:container-muxer-webm: aa71ff27fc2769a1b78a27578f13a17b -> 
  custom:container-demuxer-webm: 4f35f7cbe854078d1ac9338744f61a02 -> 
  custom:video-encoder-webm-vp8: eb34c28f22e8b96e1ab97ce403110664 -> 
  custom:video-codec-MediaFoundation-h265: 746d11721c4dcdbdad8f713fa42b33f4 -> 
  custom:audio-encoder-webm-vorbis: bf7c407c2cedff20999df2af8eb42d56 -> 
  custom:framework-win-MediaFoundation: 216162199b28c13a410421893ffa2e32 -> 
  custom:container-demuxer-ogg: 62fdf1f143b41e24485cea50d1cbac27 -> 
  custom:video-decoder-webm-vp8: 9c59270c3fd7afecdb556c50c9e8de78 -> 
  custom:audio-decoder-ogg-vorbis: bf7c407c2cedff20999df2af8eb42d56 -> 
========================================================================
Received Import Request.
  Time since last request: 1572.905283 seconds.
  path: Assets/USER/Prefabs/Models/Leo_Idle.fbx
  artifactKey: Guid(68e7df463178c3b4abb6f246842c16d0) Importer(815301076,1909f56bfc062723c751e8b465ee728b)
Start importing Assets/USER/Prefabs/Models/Leo_Idle.fbx using Guid(68e7df463178c3b4abb6f246842c16d0) Importer(815301076,1909f56bfc062723c751e8b465ee728b)  -> (artifact id: '9d45361eb10955f184eb6f1438dd45b2') in 0.639596 seconds 
========================================================================
Received Import Request.
  Time since last request: 13.946243 seconds.
  path: Assets/USER/Prefabs/Models/Leo_Idle.fbx
  artifactKey: Guid(68e7df463178c3b4abb6f246842c16d0) Importer(815301076,1909f56bfc062723c751e8b465ee728b)
Start importing Assets/USER/Prefabs/Models/Leo_Idle.fbx using Guid(68e7df463178c3b4abb6f246842c16d0) Importer(815301076,1909f56bfc062723c751e8b465ee728b)  -> (artifact id: '6b0225aebc5e82ea865b4706723ce545') in 0.116737 seconds 
========================================================================
Received Import Request.
  Time since last request: 8.245654 seconds.
  path: Assets/USER/Prefabs/Models/Materials
  artifactKey: Guid(5267aa4d48e261b4e965a322799abfe6) Importer(815301076,1909f56bfc062723c751e8b465ee728b)
Start importing Assets/USER/Prefabs/Models/Materials using Guid(5267aa4d48e261b4e965a322799abfe6) Importer(815301076,1909f56bfc062723c751e8b465ee728b)  -> (artifact id: '92b87146daff5bc9e36e645310430737') in 0.008689 seconds 
========================================================================
Received Import Request.
  Time since last request: 2.528196 seconds.
  path: Assets/USER/Prefabs/Models
  artifactKey: Guid(92d6f9e6cb4eef84494a2299d97ddf4e) Importer(815301076,1909f56bfc062723c751e8b465ee728b)
Start importing Assets/USER/Prefabs/Models using Guid(92d6f9e6cb4eef84494a2299d97ddf4e) Importer(815301076,1909f56bfc062723c751e8b465ee728b)  -> (artifact id: '05d558eb10ea28948ddce4b1f5ddd394') in 0.008148 seconds 
========================================================================
Received Import Request.
  Time since last request: 7.079119 seconds.
  path: Assets/USER/Prefabs/Models/Leo_Idle.fbx
  artifactKey: Guid(68e7df463178c3b4abb6f246842c16d0) Importer(815301076,1909f56bfc062723c751e8b465ee728b)
Start importing Assets/USER/Prefabs/Models/Leo_Idle.fbx using Guid(68e7df463178c3b4abb6f246842c16d0) Importer(815301076,1909f56bfc062723c751e8b465ee728b)  -> (artifact id: '688a14885e75324369377b95202e48fb') in 0.114137 seconds 
========================================================================
Received Import Request.
  Time since last request: 9.660056 seconds.
  path: Assets/USER/Prefabs/Models/Leo_Idle.fbx
  artifactKey: Guid(68e7df463178c3b4abb6f246842c16d0) Importer(815301076,1909f56bfc062723c751e8b465ee728b)
Start importing Assets/USER/Prefabs/Models/Leo_Idle.fbx using Guid(68e7df463178c3b4abb6f246842c16d0) Importer(815301076,1909f56bfc062723c751e8b465ee728b)  -> (artifact id: 'dd0d67056af6cfd7b956548ee2ec25da') in 0.122794 seconds 
========================================================================
Received Import Request.
  Time since last request: 50.692437 seconds.
  path: Assets/USER/Prefabs/Models/Leo_Idle.fbx
  artifactKey: Guid(68e7df463178c3b4abb6f246842c16d0) Importer(815301076,1909f56bfc062723c751e8b465ee728b)
Start importing Assets/USER/Prefabs/Models/Leo_Idle.fbx using Guid(68e7df463178c3b4abb6f246842c16d0) Importer(815301076,1909f56bfc062723c751e8b465ee728b)  -> (artifact id: '1b8b851371d75c24d343bfd727c07cf2') in 0.133075 seconds 
========================================================================
Received Import Request.
  Time since last request: 11.794995 seconds.
  path: Assets/USER/Prefabs/Models/Leo_Idle.fbx
  artifactKey: Guid(68e7df463178c3b4abb6f246842c16d0) Importer(815301076,1909f56bfc062723c751e8b465ee728b)
Start importing Assets/USER/Prefabs/Models/Leo_Idle.fbx using Guid(68e7df463178c3b4abb6f246842c16d0) Importer(815301076,1909f56bfc062723c751e8b465ee728b)  -> (artifact id: '61c2eb58adabda209a59902c7111b609') in 0.114163 seconds 
========================================================================
Received Import Request.
  Time since last request: 14.243658 seconds.
  path: Assets/USER/Prefabs/Models/Leo_Idle.fbx
  artifactKey: Guid(68e7df463178c3b4abb6f246842c16d0) Importer(815301076,1909f56bfc062723c751e8b465ee728b)
Start importing Assets/USER/Prefabs/Models/Leo_Idle.fbx using Guid(68e7df463178c3b4abb6f246842c16d0) Importer(815301076,1909f56bfc062723c751e8b465ee728b)  -> (artifact id: '6c6093997e785258535b0b22925abcbb') in 0.690648 seconds 
========================================================================
Received Import Request.
  Time since last request: 1.856678 seconds.
  path: Assets/USER/Prefabs/Models/Leo_Idle.fbx
  artifactKey: Guid(68e7df463178c3b4abb6f246842c16d0) Importer(815301076,1909f56bfc062723c751e8b465ee728b)
Start importing Assets/USER/Prefabs/Models/Leo_Idle.fbx using Guid(68e7df463178c3b4abb6f246842c16d0) Importer(815301076,1909f56bfc062723c751e8b465ee728b)  -> (artifact id: '71819620707d93ae6f32761394ac36ab') in 0.145066 seconds 
========================================================================
Received Import Request.
  Time since last request: 8.425137 seconds.
  path: Assets/USER/Prefabs/Models/Leo_Idle.fbx
  artifactKey: Guid(68e7df463178c3b4abb6f246842c16d0) Importer(815301076,1909f56bfc062723c751e8b465ee728b)
Start importing Assets/USER/Prefabs/Models/Leo_Idle.fbx using Guid(68e7df463178c3b4abb6f246842c16d0) Importer(815301076,1909f56bfc062723c751e8b465ee728b)  -> (artifact id: 'ebde602d58100085eac8c3ff898ad2ea') in 0.157281 seconds 
========================================================================
Received Import Request.
  Time since last request: 6.093254 seconds.
  path: Assets/USER/Prefabs/Models/Leo_Idle.fbm
  artifactKey: Guid(d0abcd2ea207e6a46b0aa8d1baf73ebc) Importer(815301076,1909f56bfc062723c751e8b465ee728b)
Start importing Assets/USER/Prefabs/Models/Leo_Idle.fbm using Guid(d0abcd2ea207e6a46b0aa8d1baf73ebc) Importer(815301076,1909f56bfc062723c751e8b465ee728b)  -> (artifact id: '4bc6d2d99110b1cb9f62d5cfea39763c') in 0.008007 seconds 
========================================================================
Received Import Request.
  Time since last request: 0.084433 seconds.
  path: Assets/USER/Prefabs/Models/Leo_Idle.fbm/Ch31_1001_Diffuse.png
  artifactKey: Guid(7f816f62727a1244b96e73a5b02dcfce) Importer(815301076,1909f56bfc062723c751e8b465ee728b)
Start importing Assets/USER/Prefabs/Models/Leo_Idle.fbm/Ch31_1001_Diffuse.png using Guid(7f816f62727a1244b96e73a5b02dcfce) Importer(815301076,1909f56bfc062723c751e8b465ee728b)  -> (artifact id: '00000000000000000000000000000000') in 0.103136 seconds  code(4) message(Build asset version error: assets/user/prefabs/models/leo_idle.fbm/ch31_1001_diffuse.png in SourceAssetDB has modification time of '2021-12-31T01:39:45.8752325Z' while content on disk has modification time of '2021-12-31T01:39:48.7330563Z')
  ERROR: Build asset version error: assets/user/prefabs/models/leo_idle.fbm/ch31_1001_diffuse.png in SourceAssetDB has modification time of '2021-12-31T01:39:45.8752325Z' while content on disk has modification time of '2021-12-31T01:39:48.7330563Z'
========================================================================
Received Import Request.
  Time since last request: 0.000039 seconds.
  path: Assets/USER/Prefabs/Models/Leo_Idle.fbm/Ch31_1001_Specular.png
  artifactKey: Guid(6b0a7790d5e6b864f844d3013f9d7721) Importer(815301076,1909f56bfc062723c751e8b465ee728b)
Start importing Assets/USER/Prefabs/Models/Leo_Idle.fbm/Ch31_1001_Specular.png using Guid(6b0a7790d5e6b864f844d3013f9d7721) Importer(815301076,1909f56bfc062723c751e8b465ee728b)  -> (artifact id: '00000000000000000000000000000000') in 0.011427 seconds  code(4) message(Build asset version error: assets/user/prefabs/models/leo_idle.fbm/ch31_1001_specular.png in SourceAssetDB has modification time of '2021-12-31T01:39:45.8762303Z' while content on disk has modification time of '2021-12-31T01:39:48.7340536Z')
  ERROR: Build asset version error: assets/user/prefabs/models/leo_idle.fbm/ch31_1001_specular.png in SourceAssetDB has modification time of '2021-12-31T01:39:45.8762303Z' while content on disk has modification time of '2021-12-31T01:39:48.7340536Z'
========================================================================
Received Import Request.
  Time since last request: 0.000048 seconds.
  path: Assets/USER/Prefabs/Models/Leo_Idle.fbm/Ch31_1002_Diffuse.png
  artifactKey: Guid(f96d620d03bfdbe40a3d698b1d099317) Importer(815301076,1909f56bfc062723c751e8b465ee728b)
Start importing Assets/USER/Prefabs/Models/Leo_Idle.fbm/Ch31_1002_Diffuse.png using Guid(f96d620d03bfdbe40a3d698b1d099317) Importer(815301076,1909f56bfc062723c751e8b465ee728b)  -> (artifact id: '00000000000000000000000000000000') in 0.018516 seconds  code(4) message(Build asset version error: assets/user/prefabs/models/leo_idle.fbm/ch31_1002_diffuse.png in SourceAssetDB has modification time of '2021-12-31T01:39:45.9091421Z' while content on disk has modification time of '2021-12-31T01:39:48.7679651Z')
  ERROR: Build asset version error: assets/user/prefabs/models/leo_idle.fbm/ch31_1002_diffuse.png in SourceAssetDB has modification time of '2021-12-31T01:39:45.9091421Z' while content on disk has modification time of '2021-12-31T01:39:48.7679651Z'
========================================================================
Received Import Request.
  Time since last request: 2.626492 seconds.
  path: Assets/USER/Prefabs/Models/Materials/Ch31_1001_Diffuse.mat
  artifactKey: Guid(49146a7e04459ae4089cc02e732c3668) Importer(815301076,1909f56bfc062723c751e8b465ee728b)
Start importing Assets/USER/Prefabs/Models/Materials/Ch31_1001_Diffuse.mat using Guid(49146a7e04459ae4089cc02e732c3668) Importer(815301076,1909f56bfc062723c751e8b465ee728b)  -> (artifact id: '4653d214bfae90812313f10e40072caa') in 0.031354 seconds 
========================================================================
Received Import Request.
  Time since last request: 0.000030 seconds.
  path: Assets/USER/Prefabs/Models/Materials/Leo_Idle-Ch31_body.mat
  artifactKey: Guid(1fe2fa03e5647b04b81cb6efc53267d1) Importer(815301076,1909f56bfc062723c751e8b465ee728b)
Start importing Assets/USER/Prefabs/Models/Materials/Leo_Idle-Ch31_body.mat using Guid(1fe2fa03e5647b04b81cb6efc53267d1) Importer(815301076,1909f56bfc062723c751e8b465ee728b)  -> (artifact id: '8a74a95172c7d6c4d48fe5292d6f22f4') in 0.023809 seconds 
========================================================================
Received Import Request.
  Time since last request: 0.000037 seconds.
  path: Assets/USER/Prefabs/Models/Materials/Leo_Idle-Ch31_hair.mat
  artifactKey: Guid(4f88909834b4cb241876ac7467fcb76a) Importer(815301076,1909f56bfc062723c751e8b465ee728b)
Start importing Assets/USER/Prefabs/Models/Materials/Leo_Idle-Ch31_hair.mat using Guid(4f88909834b4cb241876ac7467fcb76a) Importer(815301076,1909f56bfc062723c751e8b465ee728b)  -> (artifact id: '0545c518a1bb8e9e6ced17bcaa06d4f3') in 0.018320 seconds 
Editor requested this worker to shutdown with reason: Scaling down because of idle timeout
AssetImportWorker is now disconnected from the server
Process exiting
Exiting without the bug reporter. Application will terminate with return code 0